Build started 30-Jan-18 15:42:44.
     1>Project "C:\Users\Aaron\Documents\My Programs\2DWaterSimulation\2DWaterSimulation\2DWaterSimulation.vcxproj" on node 2 (Build target(s)).
     1>ClCompile:
         C:\Program Files (x86)\Microsoft Visual Studio 12.0\VC\bin\CL.exe /c /I"C:\SDKs\SDL\SDL2-devel-2.0.3-VC\SDL2-2.0.3\include" /ZI /nologo /W3 /WX- /sdl /Od /Oy- /D WIN32 /D _DEBUG /D _CONSOLE /D _LIB /D _UNICODE /D UNICODE /Gm /EHsc /RTC1 /MDd /GS /fp:precise /Zc:wchar_t /Zc:forScope /Fo"Debug\\" /Fd"Debug\vc120.pdb" /Gd /TP /analyze- /errorReport:prompt Bubble.cpp Particle.cpp Rock.cpp Spring.cpp main.cpp
         Spring.cpp
     1>c:\users\aaron\documents\my programs\2dwatersimulation\2dwatersimulation\spring.cpp(30): warning C4244: 'initializing' : conversion from 'float' to 'int', possible loss of data
         Generating Code...
         Skipping... (no relevant changes detected)
         main.cpp
         Rock.cpp
         Particle.cpp
         Bubble.cpp
       Link:
         C:\Program Files (x86)\Microsoft Visual Studio 12.0\VC\bin\link.exe /ERRORREPORT:PROMPT /OUT:"C:\Users\Aaron\Documents\My Programs\2DWaterSimulation\Debug\2DWaterSimulation.exe" /INCREMENTAL /NOLOGO /LIBPATH:"C:\SDKs\SDL\SDL2-devel-2.0.3-VC\SDL2-2.0.3\lib\x86" SDL2.lib SDL2main.lib kernel32.lib user32.lib gdi32.lib winspool.lib comdlg32.lib advapi32.lib shell32.lib ole32.lib oleaut32.lib uuid.lib odbc32.lib odbccp32.lib /MANIFEST /MANIFESTUAC:"level='asInvoker' uiAccess='false'" /manifest:embed /DEBUG /PDB:"C:\Users\Aaron\Documents\My Programs\2DWaterSimulation\Debug\2DWaterSimulation.pdb" /SUBSYSTEM:CONSOLE /TLBID:1 /DYNAMICBASE /NXCOMPAT /IMPLIB:"C:\Users\Aaron\Documents\My Programs\2DWaterSimulation\Debug\2DWaterSimulation.lib" /MACHINE:X86 Debug\Bubble.obj
         Debug\main.obj
         Debug\Particle.obj
         Debug\Rock.obj
         Debug\Spring.obj
         2DWaterSimulation.vcxproj -> C:\Users\Aaron\Documents\My Programs\2DWaterSimulation\Debug\2DWaterSimulation.exe
     1>Done Building Project "C:\Users\Aaron\Documents\My Programs\2DWaterSimulation\2DWaterSimulation\2DWaterSimulation.vcxproj" (Build target(s)).

Build succeeded.

Time Elapsed 00:00:01.26
